<?xml version="1.0" encoding="UTF-8"?>
<!-- Generated by org.testng.reporters.JUnitReportReporter -->
<testsuite hostname="LAPTOP-P2R072DD" failures="0" tests="1" name="qaclickacademy.ExcelFile" time="0.892" errors="0" timestamp="2021-02-02T22:14:37 IST" skipped="0">
  <testcase classname="qaclickacademy.ExcelFile" name="method" time="0.892"/>
  <system-out/>
</testsuite> <!-- qaclickacademy.ExcelFile -->
